/*C1*/SET SCHEMA SYSTEM_LOBS
INSERT INTO BLOCKS VALUES(0,2147483647,0)
COMMIT
/*C3*/SET SCHEMA PUBLIC
DROP TABLE RECIPES IF EXISTS
DROP TABLE DOCTORS IF EXISTS
DROP TABLE PATIENTS IF EXISTS
CREATE TABLE PATIENTS (\u000d\u000a    patient_id BIGINT IDENTITY PRIMARY KEY,\u000d\u000a    firstname VARCHAR(30) NOT NULL,\u000d\u000a    lastname VARCHAR(30) NOT NULL,\u000d\u000a    patronymic VARCHAR(30) NOT NULL,\u000d\u000a    phone VARCHAR(15) UNIQUE\u000d\u000a)
CREATE TABLE DOCTORS (\u000d\u000a    doctor_id BIGINT IDENTITY PRIMARY KEY,\u000d\u000a    firstname VARCHAR(30) NOT NULL,\u000d\u000a    lastname VARCHAR(30) NOT NULL,\u000d\u000a    patronymic VARCHAR(30) NOT NULL,\u000d\u000a    specialization VARCHAR(60) NOT NULL\u000d\u000a)
CREATE TABLE RECIPES (\u000d\u000a    recipe_id BIGINT IDENTITY PRIMARY KEY,\u000d\u000a    doctor_id BIGINT FOREIGN KEY REFERENCES DOCTORS,\u000d\u000a    patient_id BIGINT FOREIGN KEY REFERENCES PATIENTS,\u000d\u000a    description VARCHAR(1000) NOT NULL,\u000d\u000a    creation_date DATE  NOT NULL,\u000d\u000a    expiration_date DATE  NOT NULL,\u000d\u000a    priority  nvarchar(16) not null\u000d\u000a)
/*C4*/SET SCHEMA PUBLIC
INSERT INTO PATIENTS VALUES(0,'\u0410\u043d\u0442\u043e\u043d','\u0420\u043e\u043c\u0430\u043d\u043e\u0432','\u0410\u043d\u0434\u0440\u0435\u0435\u0432\u0438\u0447','7937-xxx-xx-01')
INSERT INTO PATIENTS VALUES(1,'\u0410\u0440\u0442\u0435\u043c','\u041b\u043e\u043c\u0430\u043d\u043e\u0432','\u0410\u043d\u0434\u0440\u0435\u0435\u0432\u0438\u0447','7937-xxx-xx-02')
INSERT INTO PATIENTS VALUES(2,'\u041a\u0438\u0440\u0438\u043b\u043b','\u041a\u0430\u043b\u044b\u043d\u043a\u043e\u0432','\u0413\u0435\u043e\u0440\u0433\u0438\u0435\u0432\u0438\u0447','7937-xxx-xx-03')
INSERT INTO PATIENTS VALUES(3,'\u0410\u043d\u0434\u0440\u0435\u0439','\u0421\u0443\u0434\u043d\u0435\u0432','\u0418\u0433\u043e\u0440\u0435\u0432\u0438\u0447','7937-xxx-xx-04')
INSERT INTO PATIENTS VALUES(4,'\u0422\u0438\u043c\u0443\u0440','\u041b\u0430\u043c\u0438\u043d\u0430\u0442\u043e\u0432','\u0415\u0432\u0433\u0435\u043d\u044c\u0435\u0432\u0438\u0447','7937-xxx-xx-05')
INSERT INTO PATIENTS VALUES(5,'\u0410\u0440\u0438\u043d\u0430','\u041c\u0430\u0440\u0430\u0437\u043e\u0432\u0430','\u0410\u043b\u0435\u043a\u0441\u0435\u0435\u0432\u043d\u0430','7937-xxx-xx-06')
INSERT INTO PATIENTS VALUES(6,'\u041f\u0435\u0442\u0440','\u0410\u0440\u0442\u0435\u043c\u044c\u0435\u0432','\u0410\u043d\u0442\u043e\u043d\u043e\u0432\u0438\u0447','7937-xxx-xx-07')
INSERT INTO PATIENTS VALUES(7,'\u0418\u0440\u0438\u043d\u0430','\u0415\u0432\u0448\u043e\u0432\u0430','\u041c\u0430\u043a\u0441\u0438\u043c\u043e\u0432\u043d\u0430','7937-xxx-xx-08')
COMMIT
INSERT INTO DOCTORS VALUES(0,'\u0410\u0440\u0442\u0443\u0440','\u041a\u0435\u043d\u043b\u043e\u043a\u043e\u0432','\u0410\u043d\u0434\u0440\u0435\u0435\u0432\u0438\u0447','\u041f\u0441\u0438\u0445\u0438\u0430\u0442\u0440')
INSERT INTO DOCTORS VALUES(1,'\u0412\u043b\u0430\u0434\u0438\u0441\u043b\u0430\u0432','\u041a\u0435\u043d\u043b\u043e\u043a\u043e\u0432','\u0410\u043d\u0434\u0440\u0435\u0435\u0432\u0438\u0447','\u0425\u0438\u0440\u0443\u0440\u0433')
INSERT INTO DOCTORS VALUES(2,'\u0420\u043e\u043c\u0430\u043d','\u0412\u043e\u0433\u0434\u0430\u043d\u043e\u0432','\u0413\u0435\u043e\u0440\u0433\u0438\u0435\u0432\u0438\u0447','\u0422\u0435\u0440\u0430\u043f\u0435\u0432\u0442')
INSERT INTO DOCTORS VALUES(3,'\u0412\u0438\u0442\u0430\u043b\u0438\u0439','\u0420\u0438\u043d\u0438\u0441\u0442\u0440\u043e\u0432','\u0418\u0433\u043e\u0440\u0435\u0432\u0438\u0447','\u0425\u0438\u0440\u0443\u0440\u0433')
INSERT INTO DOCTORS VALUES(4,'\u0410\u0440\u0442\u0435\u043c','\u041d\u0438\u043a\u0447\u0430\u0440\u043e\u0432','\u0415\u0432\u0433\u0435\u043d\u044c\u0435\u0432\u0438\u0447','\u0422\u0435\u0440\u0430\u043f\u0435\u0432\u0442')
INSERT INTO DOCTORS VALUES(5,'\u0410\u0440\u0438\u043d\u0430','\u041c\u043e\u0440\u043e\u0437\u043e\u0432\u0430','\u0410\u043b\u0435\u043a\u0441\u0435\u0435\u0432\u043d\u0430','\u041f\u0441\u0438\u0445\u0438\u0430\u0442\u0440')
INSERT INTO DOCTORS VALUES(6,'\u042e\u0440\u0438\u0439','\u0413\u0440\u0438\u0448\u0438\u043d','\u0410\u043d\u0442\u043e\u043d\u043e\u0432\u0438\u0447','\u0422\u0435\u0440\u0430\u043f\u0435\u0432\u0442')
INSERT INTO DOCTORS VALUES(7,'\u0410\u043d\u0430\u0441\u0442\u0430\u0441\u0438\u044f','\u0413\u0440\u0438\u0448\u043a\u043e','\u0414\u0435\u043d\u0438\u0441\u043e\u0432\u043d\u0430','\u0422\u0435\u0440\u0430\u043f\u0435\u0432\u0442')
COMMIT
INSERT INTO RECIPES VALUES(0,0,0,'\u0415\u0436\u0435\u043d\u0435\u0434\u0435\u043b\u044c\u043d\u044b\u0439 \u043f\u043e\u0445\u043e\u0434 \u0432 \u0431\u0430\u0441\u0441\u0435\u0439\u043d','2020-10-10','2020-10-20','\u041d\u043e\u0440\u043c\u0430\u043b\u044c\u043d\u044b\u0439')
INSERT INTO RECIPES VALUES(1,1,5,'\u041f\u0440\u0438\u043d\u0438\u043c\u0430\u0442\u044c \u043d\u0435\u043e\u0431\u0445\u043e\u0434\u0438\u043c\u044b\u0435 \u0442\u0430\u0431\u043b\u0435\u0442\u043a\u0438','2020-09-11','2018-11-19','\u0421\u0440\u043e\u0447\u043d\u044b\u0439')
INSERT INTO RECIPES VALUES(2,1,6,'\u0423\u0442\u0440\u0435\u043d\u043d\u044f\u044f \u043f\u0440\u043e\u0431\u0435\u0436\u043a\u0430','2020-08-12','2020-10-10','\u041d\u043e\u0440\u043c\u0430\u043b\u044c\u043d\u044b\u0439')
INSERT INTO RECIPES VALUES(3,0,3,'\u041e\u0442\u0436\u0438\u043c\u0430\u043d\u0438\u044f','2020-07-13','2020-11-19','\u041d\u0435\u043c\u0435\u0434\u043b\u0435\u043d\u043d\u044b\u0439')
INSERT INTO RECIPES VALUES(4,3,7,'\u0423\u043f\u0440\u0430\u0436\u043d\u0435\u043d\u0438\u044f \u043d\u0430 \u043f\u0440\u0435\u0441\u0441','2020-06-14','2020-07-19','\u041d\u0435\u043c\u0435\u0434\u043b\u0435\u043d\u043d\u044b\u0439')
INSERT INTO RECIPES VALUES(5,0,1,'\u0421\u0445\u043e\u0434\u0438\u0442\u044c \u043a \u0434\u0440\u0443\u0433\u043e\u043c\u0443 \u0434\u043e\u043a\u0442\u043e\u0440\u0443','2020-11-11','2020-11-20','\u041d\u0435\u043c\u0435\u0434\u043b\u0435\u043d\u043d\u044b\u0439')
INSERT INTO RECIPES VALUES(6,4,4,'\u041d\u0435 \u043f\u0435\u0440\u0435\u0441\u0438\u0436\u0438\u0432\u0430\u0442\u044c \u0437\u0430 \u043a\u043e\u043c\u043f\u044c\u044e\u0442\u0435\u0440\u043e\u043c','2020-12-12','2020-12-24','\u0421\u0440\u043e\u0447\u043d\u044b\u0439')
INSERT INTO RECIPES VALUES(7,7,6,'\u041f\u0440\u043e\u0432\u0435\u0440\u0438\u0442\u044c \u043f\u0443\u043b\u044c\u0441','2020-05-25','2020-07-11','\u041d\u043e\u0440\u043c\u0430\u043b\u044c\u043d\u044b\u0439')
INSERT INTO RECIPES VALUES(8,6,5,'\u0412\u044b\u043f\u0438\u0442\u044c \u043e\u0431\u0435\u0437\u0431\u0430\u043b\u044c\u0432\u0430\u044e\u0449\u0435\u0435','2020-03-13','2020-05-05','\u0421\u0440\u043e\u0447\u043d\u044b\u0439')
INSERT INTO RECIPES VALUES(9,5,4,'\u0421\u0445\u043e\u0434\u0438\u0442\u044c \u043d\u0430 \u043f\u0440\u043e\u0433\u0443\u043b\u043a\u0443','2020-06-28','2020-07-07','\u041d\u043e\u0440\u043c\u0430\u043b\u044c\u043d\u044b\u0439')
INSERT INTO RECIPES VALUES(10,2,4,'\u041f\u043b\u043e\u0442\u043d\u043e \u043f\u043e\u043a\u0443\u0448\u0430\u0442\u044c','2020-07-04','2020-11-20','\u041d\u043e\u0440\u043c\u0430\u043b\u044c\u043d\u044b\u0439')
INSERT INTO RECIPES VALUES(11,2,2,'\u0413\u043b\u0443\u0431\u043e\u043a\u043e \u0432\u0437\u043e\u0445\u043d\u0443\u0442\u044c','2020-11-10','2020-12-20','\u041d\u0435\u043c\u0435\u0434\u043b\u0435\u043d\u043d\u044b\u0439')
INSERT INTO RECIPES VALUES(12,2,5,'\u0423\u0441\u043f\u043e\u043a\u043e\u0438\u0442\u044c\u0441\u044f \u0434\u043e\u0441\u0447\u0438\u0442\u0430\u0442\u044c \u0434\u043e 10','2020-11-10','2020-12-01','\u0421\u0440\u043e\u0447\u043d\u044b\u0439')
INSERT INTO RECIPES VALUES(13,7,7,'\u041f\u043e\u043c\u0435\u0440\u0438\u0442\u044c \u0442\u0435\u043c\u043f\u0435\u0440\u0430\u0442\u0443\u0440\u0443','2020-10-29','2020-10-28','\u041d\u043e\u0440\u043c\u0430\u043b\u044c\u043d\u044b\u0439')
INSERT INTO RECIPES VALUES(14,6,6,'\u041e\u0434\u0435\u0442\u044c \u043c\u0430\u0441\u043a\u0443 \u0438 \u043f\u0435\u0440\u0447\u0430\u0442\u043a\u0438','2020-10-15','2020-11-16','\u0421\u0440\u043e\u0447\u043d\u044b\u0439')
COMMIT
